<?xml version="1.0" encoding="UTF-8"?>
<testsuite xmlns:xsi="http://www.w3.org/2001/XMLSchema-instance" xsi:noNamespaceSchemaLocation="https://maven.apache.org/surefire/maven-surefire-plugin/xsd/surefire-test-report-3.0.xsd" version="3.0" name="com.tiktokshop.controller.ProductControllerTest" time="1.709" tests="5" errors="0" skipped="0" failures="0">
  <properties>
[...]
</properties>
  <testcase name="searchProducts_blankKeyword_returnsBadRequest" classname="com.tiktokshop.controller.ProductControllerTest" time="0.062">
    <system-out><![CDATA[10:16:42.796 [main] INFO org.springframework.test.context.support.AnnotationConfigContextLoaderUtils -- Could not detect default configuration classes for test class [com.tiktokshop.controller.ProductControllerTest]: ProductControllerTest does not declare any static, non-private, non-final, nested classes annotated with @Configuration.
10:16:42.932 [main] INFO org.springframework.boot.test.context.SpringBootTestContextBootstrapper -- Found @SpringBootConfiguration com.tiktokshop.TiktokShopApiApplication for test class com.tiktokshop.controller.ProductControllerTest

  .   ____          _            __ _ _
 /\\ / ___'_ __ _ _(_)_ __  __ _ \ \ \ \
( ( )\___ | '_ | '_| | '_ \/ _` | \ \ \ \
 \\/  ___)| |_)| | | | | || (_| |  ) ) ) )
  '  |____| .__|_| |_|_| |_\__, | / / / /
 =========|_|==============|___/=/_/_/_/
 :: Spring Boot ::                (v3.2.0)

2026-06-16T10:16:43.336Z  INFO 7991 --- [tiktok-shop-api] [           main] c.t.controller.ProductControllerTest     : Starting ProductControllerTest using Java 17.0.19 with PID 7991 (started by runner in /home/runner/work/java-devops-projects/java-devops-projects/06-tiktok-shop-api)
2026-06-16T10:16:43.337Z  INFO 7991 --- [tiktok-shop-api] [           main] c.t.controller.ProductControllerTest     : No active profile set, falling back to 1 default profile: "default"
2026-06-16T10:16:44.158Z  INFO 7991 --- [tiktok-shop-api] [           main] o.s.b.t.m.w.SpringBootMockServletContext : Initializing Spring TestDispatcherServlet ''
2026-06-16T10:16:44.158Z  INFO 7991 --- [tiktok-shop-api] [           main] o.s.t.web.servlet.TestDispatcherServlet  : Initializing Servlet ''
2026-06-16T10:16:44.161Z  INFO 7991 --- [tiktok-shop-api] [           main] o.s.t.web.servlet.TestDispatcherServlet  : Completed initialization in 1 ms
2026-06-16T10:16:44.230Z  INFO 7991 --- [tiktok-shop-api] [           main] c.t.controller.ProductControllerTest     : Started ProductControllerTest in 1.247 seconds (process running for 3.31)
2026-06-16T10:16:44.277Z  WARN 7991 --- [tiktok-shop-api] [           main] c.t.exception.GlobalExceptionHandler     : Invalid request: keyword must not be empty
]]></system-out>
  </testcase>
  <testcase name="searchProducts_returnsOk" classname="com.tiktokshop.controller.ProductControllerTest" time="0.051"/>
  <testcase name="getProductDetail_notFound_returns404" classname="com.tiktokshop.controller.ProductControllerTest" time="0.01">
    <system-out><![CDATA[2026-06-16T10:16:44.368Z  WARN 7991 --- [tiktok-shop-api] [           main] c.t.exception.GlobalExceptionHandler     : Product not found: Product not found with id: notexist
]]></system-out>
  </testcase>
  <testcase name="getProductDetail_returnsOk" classname="com.tiktokshop.controller.ProductControllerTest" time="0.009"/>
  <testcase name="searchProducts_missingKeyword_returnsBadRequest" classname="com.tiktokshop.controller.ProductControllerTest" time="0.006">
    <system-out><![CDATA[2026-06-16T10:16:44.389Z  WARN 7991 --- [tiktok-shop-api] [           main] c.t.exception.GlobalExceptionHandler     : Missing request parameter: Required request parameter 'keyword' for method parameter type String is not present
]]></system-out>
  </testcase>
</testsuite>