<?xml version="1.0" encoding="UTF-8"?>
<testsuite xmlns:xsi="http://www.w3.org/2001/XMLSchema-instance" xsi:noNamespaceSchemaLocation="https://maven.apache.org/surefire/maven-surefire-plugin/xsd/surefire-test-report-3.0.xsd" version="3.0" name="com.tiktokshop.service.TiktokShopServiceTest" time="1.162" tests="10" errors="0" skipped="0" failures="0">
  <properties>
[...]
</properties>
  <testcase name="getProductReviews_nullResponse_returnsFailure" classname="com.tiktokshop.service.TiktokShopServiceTest" time="0.918">
    <system-out><![CDATA[10:41:24.633 [main] INFO com.tiktokshop.service.TiktokShopService -- Getting product reviews: productId=p1, region=TH
]]></system-out>
  </testcase>
  <testcase name="getSellerProducts_returnsProducts" classname="com.tiktokshop.service.TiktokShopServiceTest" time="0.016">
    <system-out><![CDATA[10:41:24.732 [main] INFO com.tiktokshop.service.TiktokShopService -- Getting seller products: userId=seller1, region=TH
]]></system-out>
  </testcase>
  <testcase name="getProductDetail_returnsDetail" classname="com.tiktokshop.service.TiktokShopServiceTest" time="0.007">
    <system-out><![CDATA[10:41:24.746 [main] INFO com.tiktokshop.service.TiktokShopService -- Getting product detail: productId=p1, region=TH
]]></system-out>
  </testcase>
  <testcase name="searchProducts_emptyData_returnsEmptyList" classname="com.tiktokshop.service.TiktokShopServiceTest" time="0.008">
    <system-out><![CDATA[10:41:24.757 [main] INFO com.tiktokshop.service.TiktokShopService -- Searching products: keyword=nothing, region=TH
]]></system-out>
  </testcase>
  <testcase name="getProductDetail_nullResponse_throwsProductNotFoundException" classname="com.tiktokshop.service.TiktokShopServiceTest" time="0.008">
    <system-out><![CDATA[10:41:24.765 [main] INFO com.tiktokshop.service.TiktokShopService -- Getting product detail: productId=missing, region=TH
]]></system-out>
  </testcase>
  <testcase name="searchProducts_returnsResults" classname="com.tiktokshop.service.TiktokShopServiceTest" time="0.004">
    <system-out><![CDATA[10:41:24.773 [main] INFO com.tiktokshop.service.TiktokShopService -- Searching products: keyword=labubu, region=TH
]]></system-out>
  </testcase>
  <testcase name="getSellerProducts_nullResponse_returnsFailure" classname="com.tiktokshop.service.TiktokShopServiceTest" time="0.005">
    <system-out><![CDATA[10:41:24.779 [main] INFO com.tiktokshop.service.TiktokShopService -- Getting seller products: userId=seller1, region=TH
]]></system-out>
  </testcase>
  <testcase name="getProductDetail_missingDataNode_throwsProductNotFoundException" classname="com.tiktokshop.service.TiktokShopServiceTest" time="0.004">
    <system-out><![CDATA[10:41:24.785 [main] INFO com.tiktokshop.service.TiktokShopService -- Getting product detail: productId=p99, region=TH
]]></system-out>
  </testcase>
  <testcase name="searchProducts_nullResponse_returnsFailure" classname="com.tiktokshop.service.TiktokShopServiceTest" time="0.004">
    <system-out><![CDATA[10:41:24.790 [main] INFO com.tiktokshop.service.TiktokShopService -- Searching products: keyword=x, region=TH
]]></system-out>
  </testcase>
  <testcase name="getProductReviews_returnsReviews" classname="com.tiktokshop.service.TiktokShopServiceTest" time="0.009">
    <system-out><![CDATA[10:41:24.799 [main] INFO com.tiktokshop.service.TiktokShopService -- Getting product reviews: productId=p1, region=TH
]]></system-out>
  </testcase>
</testsuite>